[debug] [2025-04-21T19:11:15.385Z] ----------------------------------------------------------------------
[debug] [2025-04-21T19:11:15.387Z] Command:       /nix/store/ixbb20farqh1f4fqbmsn6b1ixn8mc8ij-nodejs-20.18.1/bin/node /nix/store/b9a1wqzb1vkh5xd2mrp196csvbgv8j13-firebase-tools-14.0.1/lib/node_modules/firebase-tools/lib/bin/firebase.js init hosting
[debug] [2025-04-21T19:11:15.388Z] CLI Version:   14.0.1
[debug] [2025-04-21T19:11:15.388Z] Platform:      linux
[debug] [2025-04-21T19:11:15.388Z] Node Version:  v20.18.1
[debug] [2025-04-21T19:11:15.388Z] Time:          Mon Apr 21 2025 19:11:15 GMT+0000 (Coordinated Universal Time)
[debug] [2025-04-21T19:11:15.388Z] ----------------------------------------------------------------------
[debug] 
[debug] [2025-04-21T19:11:15.393Z] > command requires scopes: ["email","openid","https://www.googleapis.com/auth/cloudplatformprojects.readonly","https://www.googleapis.com/auth/firebase","https://www.googleapis.com/auth/cloud-platform"]
[debug] [2025-04-21T19:11:15.393Z] > authorizing via signed-in user (tewari.85@gmail.com)
[info] 
     ######## #### ########  ######## ########     ###     ######  ########
     ##        ##  ##     ## ##       ##     ##  ##   ##  ##       ##
     ######    ##  ########  ######   ########  #########  ######  ######
     ##        ##  ##    ##  ##       ##     ## ##     ##       ## ##
     ##       #### ##     ## ######## ########  ##     ##  ######  ########

You're about to initialize a Firebase project in this directory:

  /home/user/studio

[info] 
=== Project Setup
[info] 
[info] First, let's associate this project directory with a Firebase project.
[info] You can create multiple project aliases by running firebase use --add, 
[info] but for now we'll just set up a default project.
[info] 
[debug] [2025-04-21T19:11:26.199Z] Checked if tokens are valid: true, expires at: 1745265977290
[debug] [2025-04-21T19:11:26.199Z] Checked if tokens are valid: true, expires at: 1745265977290
[debug] [2025-04-21T19:11:26.202Z] >>> [apiv2][query] GET https://firebase.googleapis.com/v1beta1/projects pageSize=100
[debug] [2025-04-21T19:11:26.746Z] <<< [apiv2][status] GET https://firebase.googleapis.com/v1beta1/projects 200
[debug] [2025-04-21T19:11:26.746Z] <<< [apiv2][body] GET https://firebase.googleapis.com/v1beta1/projects [omitted]
[info] i  Using project outreachai-7bkh0 (OutreachAI) 
[info] 
=== Hosting Setup
[debug] [2025-04-21T19:11:31.219Z] Checked if tokens are valid: true, expires at: 1745265977290
[debug] [2025-04-21T19:11:31.219Z] Checked if tokens are valid: true, expires at: 1745265977290
[debug] [2025-04-21T19:11:31.222Z] >>> [apiv2][query] GET https://firebase.googleapis.com/v1beta1/projects/outreachai-7bkh0 [none]
[debug] [2025-04-21T19:11:31.454Z] <<< [apiv2][status] GET https://firebase.googleapis.com/v1beta1/projects/outreachai-7bkh0 200
[debug] [2025-04-21T19:11:31.454Z] <<< [apiv2][body] GET https://firebase.googleapis.com/v1beta1/projects/outreachai-7bkh0 {"projectId":"outreachai-7bkh0","projectNumber":"533689904717","displayName":"OutreachAI","name":"projects/outreachai-7bkh0","resources":{"hostingSite":"outreachai-7bkh0"},"state":"ACTIVE","etag":"1_780d3869-a3fc-4940-b609-30b77d93b365"}
[info] 
[info] i  Detected a .git folder at /home/user/studio 
[info] i  Authorizing with GitHub to upload your service account to a GitHub repository's secrets store. 
[info] 
[info] Visit this URL on this device to log in:
[info] https://github.com/login/oauth/authorize?client_id=89cf50f02ac6aaed3484&state=1057075899&redirect_uri=http%3A%2F%2Flocalhost%3A9005&scope=read%3Auser%20repo%20public_repo
[info] 
[info] Waiting for authentication...
